<?xml version="1.0" encoding="UTF-8"?>
<!-- Generated by org.testng.reporters.JUnitXMLReporter -->
<testsuite ignored="0" hostname="VIRUS" failures="0" tests="6" name="Default test" time="2.433" errors="0" timestamp="2025-01-13T00:26:14 EET">
  <testcase classname="MyPackage.MyTestCases" name="CheckTheDefaultLangaugeIsEnglish" time="0.029"/>
  <testcase classname="MyPackage.MyTestCases" name="CheckTheDefaultCurrency" time="0.033"/>
  <testcase classname="MyPackage.MyTestCases" name="CheckTheMoblieNumber" time="0.019"/>
  <testcase classname="MyPackage.MyTestCases" name="CheckQitafLogo" time="0.042"/>
  <testcase classname="MyPackage.MyTestCases" name="CheckHotelTabIsNotSelected" time="0.016"/>
  <testcase classname="MyPackage.MyTestCases" name="CheckDepatureDate" time="0.019"/>
</testsuite> <!-- Default test -->
