<?xml version="1.0" encoding="UTF-8"?>
<!-- Generated by org.testng.reporters.JUnitXMLReporter -->
<testsuite ignored="0" hostname="VIRUS" failures="0" tests="8" name="Default test" time="15.155" errors="0" timestamp="2025-01-14T05:43:14 EET">
  <testcase classname="MyPackage.MyTestCases" name="CheckTheDefaultLangaugeIsEnglish" time="0.041"/>
  <testcase classname="MyPackage.MyTestCases" name="CheckTheDefaultCurrency" time="0.025"/>
  <testcase classname="MyPackage.MyTestCases" name="CheckTheMoblieNumber" time="0.023"/>
  <testcase classname="MyPackage.MyTestCases" name="CheckQitafLogo" time="0.039"/>
  <testcase classname="MyPackage.MyTestCases" name="CheckHotelTabIsNotSelected" time="0.015"/>
  <testcase classname="MyPackage.MyTestCases" name="CheckDepatureDate" time="0.016"/>
  <testcase classname="MyPackage.MyTestCases" name="CheckReturnDate" time="0.014"/>
  <testcase classname="MyPackage.MyTestCases" name="RandomlyChangeWebSiteLanguage" time="12.826"/>
</testsuite> <!-- Default test -->
